{"meta": {"format": 3, "version": "7.10.7", "timestamp": "2026-06-04T17:39:27.931741", "branch_coverage": false, "show_contexts": false}, "files": {"app/__init__.py": {"executed_lines": [1], "summary": {"covered_lines": 0, "num_statements": 0, "percent_covered": 100.0, "percent_covered_display": "100", "missing_lines": 0, "excluded_lines": 0}, "missing_lines": [], "excluded_lines": [], "functions": {"": {"executed_lines": [1], "summary": {"covered_lines": 0, "num_statements": 0, "percent_covered": 100.0, "percent_covered_display": "100", "missing_lines": 0, "excluded_lines": 0}, "missing_lines": [], "excluded_lines": []}}, "classes": {"": {"executed_lines": [1], "summary": {"covered_lines": 0, "num_statements": 0, "percent_covered": 100.0, "percent_covered_display": "100", "missing_lines": 0, "excluded_lines": 0}, "missing_lines": [], "excluded_lines": []}}}, "app/anomalies.py": {"executed_lines": [1, 3, 4, 5, 6, 7, 8, 9, 10, 12, 14, 15, 16, 17, 18, 19, 20, 21, 23, 24, 25, 27, 28, 32, 33, 36, 40, 43, 44, 45, 47, 48, 50, 53, 63, 64, 66, 81, 85, 86, 89, 92, 96, 98, 101, 102, 106, 108, 112, 114, 118, 120, 122, 123, 125, 128, 130, 142, 143, 148, 150, 155, 157, 158, 159, 170, 171, 172, 173, 174, 184], "summary": {"covered_lines": 70, "num_statements": 75, "percent_covered": 93.33333333333333, "percent_covered_display": "93", "missing_lines": 5, "excluded_lines": 0}, "missing_lines": [67, 68, 124, 126, 131], "excluded_lines": [], "functions": {"get_anomalies": {"executed_lines": [32, 33, 36, 40, 43, 44, 45, 47, 48, 50, 53, 63, 64, 66, 81, 85, 86, 89, 92, 96, 98, 101, 102, 106, 108, 112, 114, 118, 120, 122, 123, 125, 128, 130, 142, 143, 148, 150, 155, 157, 158, 159, 170, 171, 172, 173, 174, 184], "summary": {"covered_lines": 48, "num_statements": 53, "percent_covered": 90.56603773584905, "percent_covered_display": "91", "missing_lines": 5, "excluded_lines": 0}, "missing_lines": [67, 68, 124, 126, 131], "excluded_lines": []}, "": {"executed_lines": [1, 3, 4, 5, 6, 7, 8, 9, 10, 12, 14, 15, 16, 17, 18, 19, 20, 21, 23, 24, 25, 27, 28], "summary": {"covered_lines": 22, "num_statements": 22, "percent_covered": 100.0, "percent_covered_display": "100", "missing_lines": 0, "excluded_lines": 0}, "missing_lines": [], "excluded_lines": []}}, "classes": {"Anomaly": {"executed_lines": [], "summary": {"covered_lines": 0, "num_statements": 0, "percent_covered": 100.0, "percent_covered_display": "100", "missing_lines": 0, "excluded_lines": 0}, "missing_lines": [], "excluded_lines": []}, "AnomaliesResponse": {"executed_lines": [], "summary": {"covered_lines": 0, "num_statements": 0, "percent_covered": 100.0, "percent_covered_display": "100", "missing_lines": 0, "excluded_lines": 0}, "missing_lines": [], "excluded_lines": []}, "": {"executed_lines": [1, 3, 4, 5, 6, 7, 8, 9, 10, 12, 14, 15, 16, 17, 18, 19, 20, 21, 23, 24, 25, 27, 28, 32, 33, 36, 40, 43, 44, 45, 47, 48, 50, 53, 63, 64, 66, 81, 85, 86, 89, 92, 96, 98, 101, 102, 106, 108, 112, 114, 118, 120, 122, 123, 125, 128, 130, 142, 143, 148, 150, 155, 157, 158, 159, 170, 171, 172, 173, 174, 184], "summary": {"covered_lines": 70, "num_statements": 75, "percent_covered": 93.33333333333333, "percent_covered_display": "93", "missing_lines": 5, "excluded_lines": 0}, "missing_lines": [67, 68, 124, 126, 131], "excluded_lines": []}}}, "app/database.py": {"executed_lines": [1, 7, 8, 9, 10, 11, 12, 13, 14, 15, 17, 18, 20, 26, 30, 31, 36, 37, 39, 40, 41, 42, 43, 44, 45, 46, 47, 48, 49, 50, 51, 52, 55, 56, 58, 59, 60, 61, 66, 72, 86], "summary": {"covered_lines": 40, "num_statements": 88, "percent_covered": 45.45454545454545, "percent_covered_display": "45", "missing_lines": 48, "excluded_lines": 0}, "missing_lines": [68, 69, 74, 75, 76, 77, 78, 79, 81, 95, 96, 98, 100, 101, 102, 103, 106, 107, 108, 109, 110, 111, 112, 113, 128, 129, 132, 133, 134, 135, 136, 138, 140, 141, 144, 145, 146, 147, 148, 150, 151, 152, 154, 156, 162, 163, 165, 166], "excluded_lines": [], "functions": {"init_db": {"executed_lines": [], "summary": {"covered_lines": 0, "num_statements": 2, "percent_covered": 0.0, "percent_covered_display": "0", "missing_lines": 2, "excluded_lines": 0}, "missing_lines": [68, 69], "excluded_lines": []}, "get_db": {"executed_lines": [], "summary": {"covered_lines": 0, "num_statements": 7, "percent_covered": 0.0, "percent_covered_display": "0", "missing_lines": 7, "excluded_lines": 0}, "missing_lines": [74, 75, 76, 77, 78, 79, 81], "excluded_lines": []}, "seed_from_jsonl": {"executed_lines": [], "summary": {"covered_lines": 0, "num_statements": 39, "percent_covered": 0.0, "percent_covered_display": "0", "missing_lines": 39, "excluded_lines": 0}, "missing_lines": [95, 96, 98, 100, 101, 102, 103, 106, 107, 108, 109, 110, 111, 112, 113, 128, 129, 132, 133, 134, 135, 136, 138, 140, 141, 144, 145, 146, 147, 148, 150, 151, 152, 154, 156, 162, 163, 165, 166], "excluded_lines": []}, "": {"executed_lines": [1, 7, 8, 9, 10, 11, 12, 13, 14, 15, 17, 18, 20, 26, 30, 31, 36, 37, 39, 40, 41, 42, 43, 44, 45, 46, 47, 48, 49, 50, 51, 52, 55, 56, 58, 59, 60, 61, 66, 72, 86], "summary": {"covered_lines": 40, "num_statements": 40, "percent_covered": 100.0, "percent_covered_display": "100", "missing_lines": 0, "excluded_lines": 0}, "missing_lines": [], "excluded_lines": []}}, "classes": {"Base": {"executed_lines": [], "summary": {"covered_lines": 0, "num_statements": 0, "percent_covered": 100.0, "percent_covered_display": "100", "missing_lines": 0, "excluded_lines": 0}, "missing_lines": [], "excluded_lines": []}, "EventRow": {"executed_lines": [], "summary": {"covered_lines": 0, "num_statements": 0, "percent_covered": 100.0, "percent_covered_display": "100", "missing_lines": 0, "excluded_lines": 0}, "missing_lines": [], "excluded_lines": []}, "POSRow": {"executed_lines": [], "summary": {"covered_lines": 0, "num_statements": 0, "percent_covered": 100.0, "percent_covered_display": "100", "missing_lines": 0, "excluded_lines": 0}, "missing_lines": [], "excluded_lines": []}, "": {"executed_lines": [1, 7, 8, 9, 10, 11, 12, 13, 14, 15, 17, 18, 20, 26, 30, 31, 36, 37, 39, 40, 41, 42, 43, 44, 45, 46, 47, 48, 49, 50, 51, 52, 55, 56, 58, 59, 60, 61, 66, 72, 86], "summary": {"covered_lines": 40, "num_statements": 88, "percent_covered": 45.45454545454545, "percent_covered_display": "45", "missing_lines": 48, "excluded_lines": 0}, "missing_lines": [68, 69, 74, 75, 76, 77, 78, 79, 81, 95, 96, 98, 100, 101, 102, 103, 106, 107, 108, 109, 110, 111, 112, 113, 128, 129, 132, 133, 134, 135, 136, 138, 140, 141, 144, 145, 146, 147, 148, 150, 151, 152, 154, 156, 162, 163, 165, 166], "excluded_lines": []}}}, "app/funnel.py": {"executed_lines": [1, 3, 4, 5, 6, 7, 8, 9, 11, 13, 14, 15, 16, 18, 19, 20, 22, 23, 27, 33, 37, 41, 49, 52, 60, 65, 75, 79, 80, 81, 82, 83, 84, 85, 87, 88, 89, 90, 91, 92, 94, 95, 96, 97, 98, 99, 100, 102, 103, 104, 105, 107, 108, 109, 110, 111, 112, 113, 114, 116, 119, 120, 122, 123, 125, 126, 127, 128, 129, 130, 132, 133, 135], "summary": {"covered_lines": 72, "num_statements": 73, "percent_covered": 98.63013698630137, "percent_covered_display": "99", "missing_lines": 1, "excluded_lines": 0}, "missing_lines": [106], "excluded_lines": [], "functions": {"get_funnel": {"executed_lines": [27, 33, 37, 41, 49, 52, 60, 65, 75, 79, 80, 81, 82, 83, 84, 85, 87, 88, 89, 90, 91, 92, 94, 95, 96, 97, 98, 99, 100, 102, 103, 104, 105, 107, 108, 109, 110, 111, 112, 113, 114, 116, 119, 120, 122, 123, 125, 126, 127, 128, 129, 130, 132, 133, 135], "summary": {"covered_lines": 55, "num_statements": 56, "percent_covered": 98.21428571428571, "percent_covered_display": "98", "missing_lines": 1, "excluded_lines": 0}, "missing_lines": [106], "excluded_lines": []}, "": {"executed_lines": [1, 3, 4, 5, 6, 7, 8, 9, 11, 13, 14, 15, 16, 18, 19, 20, 22, 23], "summary": {"covered_lines": 17, "num_statements": 17, "percent_covered": 100.0, "percent_covered_display": "100", "missing_lines": 0, "excluded_lines": 0}, "missing_lines": [], "excluded_lines": []}}, "classes": {"FunnelStage": {"executed_lines": [], "summary": {"covered_lines": 0, "num_statements": 0, "percent_covered": 100.0, "percent_covered_display": "100", "missing_lines": 0, "excluded_lines": 0}, "missing_lines": [], "excluded_lines": []}, "FunnelResponse": {"executed_lines": [], "summary": {"covered_lines": 0, "num_statements": 0, "percent_covered": 100.0, "percent_covered_display": "100", "missing_lines": 0, "excluded_lines": 0}, "missing_lines": [], "excluded_lines": []}, "": {"executed_lines": [1, 3, 4, 5, 6, 7, 8, 9, 11, 13, 14, 15, 16, 18, 19, 20, 22, 23, 27, 33, 37, 41, 49, 52, 60, 65, 75, 79, 80, 81, 82, 83, 84, 85, 87, 88, 89, 90, 91, 92, 94, 95, 96, 97, 98, 99, 100, 102, 103, 104, 105, 107, 108, 109, 110, 111, 112, 113, 114, 116, 119, 120, 122, 123, 125, 126, 127, 128, 129, 130, 132, 133, 135], "summary": {"covered_lines": 72, "num_statements": 73, "percent_covered": 98.63013698630137, "percent_covered_display": "99", "missing_lines": 1, "excluded_lines": 0}, "missing_lines": [106], "excluded_lines": []}}}, "app/health.py": {"executed_lines": [1, 3, 4, 5, 6, 7, 8, 9, 10, 12, 14, 15, 16, 17, 18, 19, 20, 21, 22, 24, 26, 27, 28, 29, 30, 31, 32, 33, 35, 37, 38, 41, 46, 47, 48, 49, 50, 51, 52, 53, 77, 78, 80], "summary": {"covered_lines": 42, "num_statements": 50, "percent_covered": 84.0, "percent_covered_display": "84", "missing_lines": 8, "excluded_lines": 0}, "missing_lines": [55, 56, 57, 58, 59, 60, 61, 62], "excluded_lines": [], "functions": {"get_health": {"executed_lines": [28, 29, 30, 31, 32, 33, 35, 37, 38, 41, 46, 47, 48, 49, 50, 51, 52, 53, 77, 78, 80], "summary": {"covered_lines": 21, "num_statements": 29, "percent_covered": 72.41379310344827, "percent_covered_display": "72", "missing_lines": 8, "excluded_lines": 0}, "missing_lines": [55, 56, 57, 58, 59, 60, 61, 62], "excluded_lines": []}, "": {"executed_lines": [1, 3, 4, 5, 6, 7, 8, 9, 10, 12, 14, 15, 16, 17, 18, 19, 20, 21, 22, 24, 26, 27], "summary": {"covered_lines": 21, "num_statements": 21, "percent_covered": 100.0, "percent_covered_display": "100", "missing_lines": 0, "excluded_lines": 0}, "missing_lines": [], "excluded_lines": []}}, "classes": {"HealthResponse": {"executed_lines": [], "summary": {"covered_lines": 0, "num_statements": 0, "percent_covered": 100.0, "percent_covered_display": "100", "missing_lines": 0, "excluded_lines": 0}, "missing_lines": [], "excluded_lines": []}, "": {"executed_lines": [1, 3, 4, 5, 6, 7, 8, 9, 10, 12, 14, 15, 16, 17, 18, 19, 20, 21, 22, 24, 26, 27, 28, 29, 30, 31, 32, 33, 35, 37, 38, 41, 46, 47, 48, 49, 50, 51, 52, 53, 77, 78, 80], "summary": {"covered_lines": 42, "num_statements": 50, "percent_covered": 84.0, "percent_covered_display": "84", "missing_lines": 8, "excluded_lines": 0}, "missing_lines": [55, 56, 57, 58, 59, 60, 61, 62], "excluded_lines": []}}}, "app/heatmap.py": {"executed_lines": [1, 3, 4, 5, 6, 7, 8, 9, 11, 13, 14, 15, 16, 17, 18, 20, 21, 22, 23, 25, 26, 30, 38, 43, 46, 51, 54, 56, 58, 59, 60, 61, 62, 63, 64, 72], "summary": {"covered_lines": 35, "num_statements": 35, "percent_covered": 100.0, "percent_covered_display": "100", "missing_lines": 0, "excluded_lines": 0}, "missing_lines": [], "excluded_lines": [], "functions": {"get_heatmap": {"executed_lines": [30, 38, 43, 46, 51, 54, 56, 58, 59, 60, 61, 62, 63, 64, 72], "summary": {"covered_lines": 15, "num_statements": 15, "percent_covered": 100.0, "percent_covered_display": "100", "missing_lines": 0, "excluded_lines": 0}, "missing_lines": [], "excluded_lines": []}, "": {"executed_lines": [1, 3, 4, 5, 6, 7, 8, 9, 11, 13, 14, 15, 16, 17, 18, 20, 21, 22, 23, 25, 26], "summary": {"covered_lines": 20, "num_statements": 20, "percent_covered": 100.0, "percent_covered_display": "100", "missing_lines": 0, "excluded_lines": 0}, "missing_lines": [], "excluded_lines": []}}, "classes": {"ZoneHeatmap": {"executed_lines": [], "summary": {"covered_lines": 0, "num_statements": 0, "percent_covered": 100.0, "percent_covered_display": "100", "missing_lines": 0, "excluded_lines": 0}, "missing_lines": [], "excluded_lines": []}, "HeatmapResponse": {"executed_lines": [], "summary": {"covered_lines": 0, "num_statements": 0, "percent_covered": 100.0, "percent_covered_display": "100", "missing_lines": 0, "excluded_lines": 0}, "missing_lines": [], "excluded_lines": []}, "": {"executed_lines": [1, 3, 4, 5, 6, 7, 8, 9, 11, 13, 14, 15, 16, 17, 18, 20, 21, 22, 23, 25, 26, 30, 38, 43, 46, 51, 54, 56, 58, 59, 60, 61, 62, 63, 64, 72], "summary": {"covered_lines": 35, "num_statements": 35, "percent_covered": 100.0, "percent_covered_display": "100", "missing_lines": 0, "excluded_lines": 0}, "missing_lines": [], "excluded_lines": []}}}, "app/ingestion.py": {"executed_lines": [1, 3, 4, 5, 6, 7, 9, 12, 13, 27, 28, 29, 30, 32, 33, 35, 38, 40, 41, 42, 44, 59, 60, 69, 70, 71, 80], "summary": {"covered_lines": 26, "num_statements": 32, "percent_covered": 81.25, "percent_covered_display": "81", "missing_lines": 6, "excluded_lines": 0}, "missing_lines": [62, 63, 64, 72, 73, 74], "excluded_lines": [], "functions": {"ingest_events": {"executed_lines": [27, 28, 29, 30, 32, 33, 35, 38, 40, 41, 42, 44, 59, 60, 69, 70, 71, 80], "summary": {"covered_lines": 18, "num_statements": 24, "percent_covered": 75.0, "percent_covered_display": "75", "missing_lines": 6, "excluded_lines": 0}, "missing_lines": [62, 63, 64, 72, 73, 74], "excluded_lines": []}, "": {"executed_lines": [1, 3, 4, 5, 6, 7, 9, 12, 13], "summary": {"covered_lines": 8, "num_statements": 8, "percent_covered": 100.0, "percent_covered_display": "100", "missing_lines": 0, "excluded_lines": 0}, "missing_lines": [], "excluded_lines": []}}, "classes": {"": {"executed_lines": [1, 3, 4, 5, 6, 7, 9, 12, 13, 27, 28, 29, 30, 32, 33, 35, 38, 40, 41, 42, 44, 59, 60, 69, 70, 71, 80], "summary": {"covered_lines": 26, "num_statements": 32, "percent_covered": 81.25, "percent_covered_display": "81", "missing_lines": 6, "excluded_lines": 0}, "missing_lines": [62, 63, 64, 72, 73, 74], "excluded_lines": []}}}, "app/main.py": {"executed_lines": [1, 3, 4, 5, 6, 7, 8, 10, 13, 17, 22, 23, 40, 47, 57, 58, 64, 65, 68, 69, 70, 71, 72, 73, 75, 76, 78, 86, 91, 92, 93, 94, 95, 96, 98, 99, 100, 101, 102, 103], "summary": {"covered_lines": 39, "num_statements": 45, "percent_covered": 86.66666666666667, "percent_covered_display": "87", "missing_lines": 6, "excluded_lines": 0}, "missing_lines": [25, 26, 27, 28, 30, 34], "excluded_lines": [], "functions": {"lifespan": {"executed_lines": [], "summary": {"covered_lines": 0, "num_statements": 6, "percent_covered": 0.0, "percent_covered_display": "0", "missing_lines": 6, "excluded_lines": 0}, "missing_lines": [25, 26, 27, 28, 30, 34], "excluded_lines": []}, "logging_middleware": {"executed_lines": [64, 65, 68, 69, 70, 71, 72, 73, 75, 76, 78, 86], "summary": {"covered_lines": 12, "num_statements": 12, "percent_covered": 100.0, "percent_covered_display": "100", "missing_lines": 0, "excluded_lines": 0}, "missing_lines": [], "excluded_lines": []}, "": {"executed_lines": [1, 3, 4, 5, 6, 7, 8, 10, 13, 17, 22, 23, 40, 47, 57, 58, 91, 92, 93, 94, 95, 96, 98, 99, 100, 101, 102, 103], "summary": {"covered_lines": 27, "num_statements": 27, "percent_covered": 100.0, "percent_covered_display": "100", "missing_lines": 0, "excluded_lines": 0}, "missing_lines": [], "excluded_lines": []}}, "classes": {"": {"executed_lines": [1, 3, 4, 5, 6, 7, 8, 10, 13, 17, 22, 23, 40, 47, 57, 58, 64, 65, 68, 69, 70, 71, 72, 73, 75, 76, 78, 86, 91, 92, 93, 94, 95, 96, 98, 99, 100, 101, 102, 103], "summary": {"covered_lines": 39, "num_statements": 45, "percent_covered": 86.66666666666667, "percent_covered_display": "87", "missing_lines": 6, "excluded_lines": 0}, "missing_lines": [25, 26, 27, 28, 30, 34], "excluded_lines": []}}}, "app/metrics.py": {"executed_lines": [1, 3, 4, 5, 6, 7, 8, 9, 11, 14, 15, 16, 17, 18, 19, 20, 21, 22, 23, 24, 25, 28, 29, 39, 40, 44, 49, 50, 51, 54, 55, 56, 57, 60, 61, 62, 64, 72, 77, 80, 88, 92, 102, 103, 106, 116, 119, 126, 128, 133, 142, 147, 148, 153, 157, 158, 159, 161, 166], "summary": {"covered_lines": 58, "num_statements": 58, "percent_covered": 100.0, "percent_covered_display": "100", "missing_lines": 0, "excluded_lines": 0}, "missing_lines": [], "excluded_lines": [], "functions": {"get_metrics": {"executed_lines": [39, 40, 44, 49, 50, 51, 54, 55, 56, 57, 60, 61, 62, 64, 72, 77, 80, 88, 92, 102, 103, 106, 116, 119, 126, 128, 133, 142, 147, 148, 153, 157, 158, 159, 161, 166], "summary": {"covered_lines": 36, "num_statements": 36, "percent_covered": 100.0, "percent_covered_display": "100", "missing_lines": 0, "excluded_lines": 0}, "missing_lines": [], "excluded_lines": []}, "": {"executed_lines": [1, 3, 4, 5, 6, 7, 8, 9, 11, 14, 15, 16, 17, 18, 19, 20, 21, 22, 23, 24, 25, 28, 29], "summary": {"covered_lines": 22, "num_statements": 22, "percent_covered": 100.0, "percent_covered_display": "100", "missing_lines": 0, "excluded_lines": 0}, "missing_lines": [], "excluded_lines": []}}, "classes": {"StoreMetrics": {"executed_lines": [], "summary": {"covered_lines": 0, "num_statements": 0, "percent_covered": 100.0, "percent_covered_display": "100", "missing_lines": 0, "excluded_lines": 0}, "missing_lines": [], "excluded_lines": []}, "": {"executed_lines": [1, 3, 4, 5, 6, 7, 8, 9, 11, 14, 15, 16, 17, 18, 19, 20, 21, 22, 23, 24, 25, 28, 29, 39, 40, 44, 49, 50, 51, 54, 55, 56, 57, 60, 61, 62, 64, 72, 77, 80, 88, 92, 102, 103, 106, 116, 119, 126, 128, 133, 142, 147, 148, 153, 157, 158, 159, 161, 166], "summary": {"covered_lines": 58, "num_statements": 58, "percent_covered": 100.0, "percent_covered_display": "100", "missing_lines": 0, "excluded_lines": 0}, "missing_lines": [], "excluded_lines": []}}}, "app/models.py": {"executed_lines": [1, 2, 3, 4, 5, 6, 8, 9, 10, 11, 12, 13, 14, 15, 16, 18, 19, 20, 21, 22, 23, 25, 26, 27, 28, 29, 30, 31, 32, 33, 34, 35, 36, 38, 39, 40, 41, 42, 43, 44, 45, 47, 48, 49, 50, 51, 52, 54, 55, 56, 57, 58, 59, 61, 62, 63, 64, 65, 67, 68, 70, 71, 72, 73, 74, 75, 77, 78, 79, 80, 81], "summary": {"covered_lines": 70, "num_statements": 70, "percent_covered": 100.0, "percent_covered_display": "100", "missing_lines": 0, "excluded_lines": 0}, "missing_lines": [], "excluded_lines": [], "functions": {"StoreEvent.validate_uuid4": {"executed_lines": [41, 42, 43, 44, 45], "summary": {"covered_lines": 5, "num_statements": 5, "percent_covered": 100.0, "percent_covered_display": "100", "missing_lines": 0, "excluded_lines": 0}, "missing_lines": [], "excluded_lines": []}, "StoreEvent.validate_dwell_ms": {"executed_lines": [49, 50, 51, 52], "summary": {"covered_lines": 4, "num_statements": 4, "percent_covered": 100.0, "percent_covered_display": "100", "missing_lines": 0, "excluded_lines": 0}, "missing_lines": [], "excluded_lines": []}, "StoreEvent.validate_queue_depth": {"executed_lines": [56, 57, 58, 59], "summary": {"covered_lines": 4, "num_statements": 4, "percent_covered": 100.0, "percent_covered_display": "100", "missing_lines": 0, "excluded_lines": 0}, "missing_lines": [], "excluded_lines": []}, "IngestRequest.validate_events_length": {"executed_lines": [73, 74, 75], "summary": {"covered_lines": 3, "num_statements": 3, "percent_covered": 100.0, "percent_covered_display": "100", "missing_lines": 0, "excluded_lines": 0}, "missing_lines": [], "excluded_lines": []}, "": {"executed_lines": [1, 2, 3, 4, 5, 6, 8, 9, 10, 11, 12, 13, 14, 15, 16, 18, 19, 20, 21, 22, 23, 25, 26, 27, 28, 29, 30, 31, 32, 33, 34, 35, 36, 38, 39, 40, 47, 48, 54, 55, 61, 62, 63, 64, 65, 67, 68, 70, 71, 72, 77, 78, 79, 80, 81], "summary": {"covered_lines": 54, "num_statements": 54, "percent_covered": 100.0, "percent_covered_display": "100", "missing_lines": 0, "excluded_lines": 0}, "missing_lines": [], "excluded_lines": []}}, "classes": {"EventType": {"executed_lines": [], "summary": {"covered_lines": 0, "num_statements": 0, "percent_covered": 100.0, "percent_covered_display": "100", "missing_lines": 0, "excluded_lines": 0}, "missing_lines": [], "excluded_lines": []}, "EventMetadata": {"executed_lines": [], "summary": {"covered_lines": 0, "num_statements": 0, "percent_covered": 100.0, "percent_covered_display": "100", "missing_lines": 0, "excluded_lines": 0}, "missing_lines": [], "excluded_lines": []}, "StoreEvent": {"executed_lines": [41, 42, 43, 44, 45, 49, 50, 51, 52, 56, 57, 58, 59], "summary": {"covered_lines": 13, "num_statements": 13, "percent_covered": 100.0, "percent_covered_display": "100", "missing_lines": 0, "excluded_lines": 0}, "missing_lines": [], "excluded_lines": []}, "POSTransaction": {"executed_lines": [], "summary": {"covered_lines": 0, "num_statements": 0, "percent_covered": 100.0, "percent_covered_display": "100", "missing_lines": 0, "excluded_lines": 0}, "missing_lines": [], "excluded_lines": []}, "IngestRequest": {"executed_lines": [73, 74, 75], "summary": {"covered_lines": 3, "num_statements": 3, "percent_covered": 100.0, "percent_covered_display": "100", "missing_lines": 0, "excluded_lines": 0}, "missing_lines": [], "excluded_lines": []}, "IngestResponse": {"executed_lines": [], "summary": {"covered_lines": 0, "num_statements": 0, "percent_covered": 100.0, "percent_covered_display": "100", "missing_lines": 0, "excluded_lines": 0}, "missing_lines": [], "excluded_lines": []}, "": {"executed_lines": [1, 2, 3, 4, 5, 6, 8, 9, 10, 11, 12, 13, 14, 15, 16, 18, 19, 20, 21, 22, 23, 25, 26, 27, 28, 29, 30, 31, 32, 33, 34, 35, 36, 38, 39, 40, 47, 48, 54, 55, 61, 62, 63, 64, 65, 67, 68, 70, 71, 72, 77, 78, 79, 80, 81], "summary": {"covered_lines": 54, "num_statements": 54, "percent_covered": 100.0, "percent_covered_display": "100", "missing_lines": 0, "excluded_lines": 0}, "missing_lines": [], "excluded_lines": []}}}, "pipeline/__init__.py": {"executed_lines": [1], "summary": {"covered_lines": 0, "num_statements": 0, "percent_covered": 100.0, "percent_covered_display": "100", "missing_lines": 0, "excluded_lines": 0}, "missing_lines": [], "excluded_lines": [], "functions": {"": {"executed_lines": [1], "summary": {"covered_lines": 0, "num_statements": 0, "percent_covered": 100.0, "percent_covered_display": "100", "missing_lines": 0, "excluded_lines": 0}, "missing_lines": [], "excluded_lines": []}}, "classes": {"": {"executed_lines": [1], "summary": {"covered_lines": 0, "num_statements": 0, "percent_covered": 100.0, "percent_covered_display": "100", "missing_lines": 0, "excluded_lines": 0}, "missing_lines": [], "excluded_lines": []}}}, "pipeline/pos_correlator.py": {"executed_lines": [1, 24, 25, 26, 27, 28, 29, 33, 34, 35, 36, 41, 42, 43, 44, 45, 46, 47, 48, 49, 50, 51, 54, 55, 56, 57, 58, 59, 60, 61, 62, 63, 64, 65, 66, 67, 72, 80, 82, 83, 84, 85, 95, 98, 99, 101, 102, 103, 105, 106, 108, 109, 110, 111, 112, 114, 115, 116, 118, 123, 150, 168, 169, 171, 173, 174, 175, 176, 179, 180, 185, 186, 187, 190, 191, 192, 195, 196, 197, 198, 199, 201, 206, 216, 220, 221, 222, 225, 229, 230, 236, 237, 238, 240, 246, 247, 248, 250, 251, 254, 272], "summary": {"covered_lines": 100, "num_statements": 125, "percent_covered": 80.0, "percent_covered_display": "80", "missing_lines": 25, "excluded_lines": 0}, "missing_lines": [132, 133, 135, 137, 138, 139, 141, 143, 144, 145, 177, 239, 281, 284, 285, 291, 292, 295, 296, 299, 302, 305, 319, 322, 323], "excluded_lines": [], "functions": {"build_visitor_sessions": {"executed_lines": [80, 82, 83, 84, 85, 95, 98, 99, 101, 102, 103, 105, 106, 108, 109, 110, 111, 112, 114, 115, 116, 118], "summary": {"covered_lines": 22, "num_statements": 22, "percent_covered": 100.0, "percent_covered_display": "100", "missing_lines": 0, "excluded_lines": 0}, "missing_lines": [], "excluded_lines": []}, "load_pos_transactions": {"executed_lines": [], "summary": {"covered_lines": 0, "num_statements": 10, "percent_covered": 0.0, "percent_covered_display": "0", "missing_lines": 10, "excluded_lines": 0}, "missing_lines": [132, 133, 135, 137, 138, 139, 141, 143, 144, 145], "excluded_lines": []}, "correlate_conversions": {"executed_lines": [168, 169, 171, 173, 174, 175, 176, 179, 180, 185, 186, 187, 190, 191, 192, 195, 196, 197, 198, 199, 201], "summary": {"covered_lines": 21, "num_statements": 22, "percent_covered": 95.45454545454545, "percent_covered_display": "95", "missing_lines": 1, "excluded_lines": 0}, "missing_lines": [177], "excluded_lines": []}, "compute_conversion_report": {"executed_lines": [216, 220, 221, 222, 225, 229, 230, 236, 237, 238, 240, 246, 247, 248, 250, 251, 254], "summary": {"covered_lines": 17, "num_statements": 18, "percent_covered": 94.44444444444444, "percent_covered_display": "94", "missing_lines": 1, "excluded_lines": 0}, "missing_lines": [239], "excluded_lines": []}, "run_pos_correlation": {"executed_lines": [], "summary": {"covered_lines": 0, "num_statements": 13, "percent_covered": 0.0, "percent_covered_display": "0", "missing_lines": 13, "excluded_lines": 0}, "missing_lines": [281, 284, 285, 291, 292, 295, 296, 299, 302, 305, 319, 322, 323], "excluded_lines": []}, "": {"executed_lines": [1, 24, 25, 26, 27, 28, 29, 33, 34, 35, 36, 41, 42, 43, 44, 45, 46, 47, 48, 49, 50, 51, 54, 55, 56, 57, 58, 59, 60, 61, 62, 63, 64, 65, 66, 67, 72, 123, 150, 206, 272], "summary": {"covered_lines": 40, "num_statements": 40, "percent_covered": 100.0, "percent_covered_display": "100", "missing_lines": 0, "excluded_lines": 0}, "missing_lines": [], "excluded_lines": []}}, "classes": {"VisitorSession": {"executed_lines": [], "summary": {"covered_lines": 0, "num_statements": 0, "percent_covered": 100.0, "percent_covered_display": "100", "missing_lines": 0, "excluded_lines": 0}, "missing_lines": [], "excluded_lines": []}, "ConversionReport": {"executed_lines": [], "summary": {"covered_lines": 0, "num_statements": 0, "percent_covered": 100.0, "percent_covered_display": "100", "missing_lines": 0, "excluded_lines": 0}, "missing_lines": [], "excluded_lines": []}, "": {"executed_lines": [1, 24, 25, 26, 27, 28, 29, 33, 34, 35, 36, 41, 42, 43, 44, 45, 46, 47, 48, 49, 50, 51, 54, 55, 56, 57, 58, 59, 60, 61, 62, 63, 64, 65, 66, 67, 72, 80, 82, 83, 84, 85, 95, 98, 99, 101, 102, 103, 105, 106, 108, 109, 110, 111, 112, 114, 115, 116, 118, 123, 150, 168, 169, 171, 173, 174, 175, 176, 179, 180, 185, 186, 187, 190, 191, 192, 195, 196, 197, 198, 199, 201, 206, 216, 220, 221, 222, 225, 229, 230, 236, 237, 238, 240, 246, 247, 248, 250, 251, 254, 272], "summary": {"covered_lines": 100, "num_statements": 125, "percent_covered": 80.0, "percent_covered_display": "80", "missing_lines": 25, "excluded_lines": 0}, "missing_lines": [132, 133, 135, 137, 138, 139, 141, 143, 144, 145, 177, 239, 281, 284, 285, 291, 292, 295, 296, 299, 302, 305, 319, 322, 323], "excluded_lines": []}}}, "pipeline/reentry.py": {"executed_lines": [], "summary": {"covered_lines": 0, "num_statements": 0, "percent_covered": 100.0, "percent_covered_display": "100", "missing_lines": 0, "excluded_lines": 0}, "missing_lines": [], "excluded_lines": [], "functions": {"": {"executed_lines": [], "summary": {"covered_lines": 0, "num_statements": 0, "percent_covered": 100.0, "percent_covered_display": "100", "missing_lines": 0, "excluded_lines": 0}, "missing_lines": [], "excluded_lines": []}}, "classes": {"": {"executed_lines": [], "summary": {"covered_lines": 0, "num_statements": 0, "percent_covered": 100.0, "percent_covered_display": "100", "missing_lines": 0, "excluded_lines": 0}, "missing_lines": [], "excluded_lines": []}}}, "pipeline/staff.py": {"executed_lines": [1, 15, 16, 17, 18, 20, 24, 25, 26, 27, 28, 29, 34, 35, 36, 37, 38, 39, 42, 43, 44, 45, 46, 47, 48, 53, 57, 58, 60, 61, 63, 64, 65, 66, 69, 75, 76, 78, 79, 80, 81, 85, 88, 95, 96, 98, 99, 101, 103, 105, 106, 122, 124, 125, 126, 127, 130, 138, 139, 141, 142, 143, 145, 146, 147, 148, 153, 167, 168, 169, 170, 172, 173, 176, 177, 180, 181, 183, 184, 185, 186, 191, 209, 217, 218, 220, 229, 239], "summary": {"covered_lines": 87, "num_statements": 95, "percent_covered": 91.57894736842105, "percent_covered_display": "92", "missing_lines": 8, "excluded_lines": 0}, "missing_lines": [108, 109, 110, 111, 113, 114, 115, 119], "excluded_lines": [], "functions": {"_signal_dwell_duration": {"executed_lines": [57, 58, 60, 61, 63, 64, 65, 66], "summary": {"covered_lines": 8, "num_statements": 8, "percent_covered": 100.0, "percent_covered_display": "100", "missing_lines": 0, "excluded_lines": 0}, "missing_lines": [], "excluded_lines": []}, "_signal_zone_breadth": {"executed_lines": [75, 76, 78, 79, 80, 81, 85], "summary": {"covered_lines": 7, "num_statements": 7, "percent_covered": 100.0, "percent_covered_display": "100", "missing_lines": 0, "excluded_lines": 0}, "missing_lines": [], "excluded_lines": []}, "_signal_movement_frequency": {"executed_lines": [95, 96, 98, 99, 101, 103, 105, 106], "summary": {"covered_lines": 8, "num_statements": 16, "percent_covered": 50.0, "percent_covered_display": "50", "missing_lines": 8, "excluded_lines": 0}, "missing_lines": [108, 109, 110, 111, 113, 114, 115, 119], "excluded_lines": []}, "_signal_early_presence": {"executed_lines": [124, 125, 126, 127], "summary": {"covered_lines": 4, "num_statements": 4, "percent_covered": 100.0, "percent_covered_display": "100", "missing_lines": 0, "excluded_lines": 0}, "missing_lines": [], "excluded_lines": []}, "_signal_aspect_consistency": {"executed_lines": [138, 139, 141, 142, 143, 145, 146, 147, 148], "summary": {"covered_lines": 9, "num_statements": 9, "percent_covered": 100.0, "percent_covered_display": "100", "missing_lines": 0, "excluded_lines": 0}, "missing_lines": [], "excluded_lines": []}, "_combine_signals": {"executed_lines": [167, 168, 169, 170, 172, 173, 176, 177, 180, 181, 183, 184, 185, 186], "summary": {"covered_lines": 14, "num_statements": 14, "percent_covered": 100.0, "percent_covered_display": "100", "missing_lines": 0, "excluded_lines": 0}, "missing_lines": [], "excluded_lines": []}, "classify_staff": {"executed_lines": [209, 217, 218, 220], "summary": {"covered_lines": 4, "num_statements": 4, "percent_covered": 100.0, "percent_covered_display": "100", "missing_lines": 0, "excluded_lines": 0}, "missing_lines": [], "excluded_lines": []}, "classify_staff_batch": {"executed_lines": [239], "summary": {"covered_lines": 1, "num_statements": 1, "percent_covered": 100.0, "percent_covered_display": "100", "missing_lines": 0, "excluded_lines": 0}, "missing_lines": [], "excluded_lines": []}, "": {"executed_lines": [1, 15, 16, 17, 18, 20, 24, 25, 26, 27, 28, 29, 34, 35, 36, 37, 38, 39, 42, 43, 44, 45, 46, 47, 48, 53, 69, 88, 122, 130, 153, 191, 229], "summary": {"covered_lines": 32, "num_statements": 32, "percent_covered": 100.0, "percent_covered_display": "100", "missing_lines": 0, "excluded_lines": 0}, "missing_lines": [], "excluded_lines": []}}, "classes": {"StaffSignal": {"executed_lines": [], "summary": {"covered_lines": 0, "num_statements": 0, "percent_covered": 100.0, "percent_covered_display": "100", "missing_lines": 0, "excluded_lines": 0}, "missing_lines": [], "excluded_lines": []}, "StaffClassification": {"executed_lines": [], "summary": {"covered_lines": 0, "num_statements": 0, "percent_covered": 100.0, "percent_covered_display": "100", "missing_lines": 0, "excluded_lines": 0}, "missing_lines": [], "excluded_lines": []}, "": {"executed_lines": [1, 15, 16, 17, 18, 20, 24, 25, 26, 27, 28, 29, 34, 35, 36, 37, 38, 39, 42, 43, 44, 45, 46, 47, 48, 53, 57, 58, 60, 61, 63, 64, 65, 66, 69, 75, 76, 78, 79, 80, 81, 85, 88, 95, 96, 98, 99, 101, 103, 105, 106, 122, 124, 125, 126, 127, 130, 138, 139, 141, 142, 143, 145, 146, 147, 148, 153, 167, 168, 169, 170, 172, 173, 176, 177, 180, 181, 183, 184, 185, 186, 191, 209, 217, 218, 220, 229, 239], "summary": {"covered_lines": 87, "num_statements": 95, "percent_covered": 91.57894736842105, "percent_covered_display": "92", "missing_lines": 8, "excluded_lines": 0}, "missing_lines": [108, 109, 110, 111, 113, 114, 115, 119], "excluded_lines": []}}}, "pipeline/tracker.py": {"executed_lines": [1, 15, 16, 17, 18, 19, 20, 21, 22, 24, 32, 37, 40, 42, 47, 48, 49, 50, 51, 52, 53, 54, 55, 56, 57, 58, 59, 60, 61, 62, 64, 65, 66, 67, 68, 69, 71, 72, 73, 74, 75, 76, 78, 79, 81, 82, 83, 84, 85, 86, 87, 90, 91, 92, 93, 94, 95, 96, 101, 108, 109, 110, 115, 130, 131, 133, 134, 135, 136, 137, 140, 141, 143, 144, 145, 150, 165, 166, 167, 168, 170, 171, 172, 173, 174, 179, 180, 190, 216, 330], "summary": {"covered_lines": 86, "num_statements": 148, "percent_covered": 58.108108108108105, "percent_covered_display": "58", "missing_lines": 62, "excluded_lines": 0}, "missing_lines": [169, 198, 199, 200, 201, 202, 205, 208, 210, 212, 214, 234, 235, 237, 238, 241, 251, 253, 254, 255, 257, 258, 260, 261, 262, 265, 266, 267, 268, 270, 271, 272, 273, 276, 277, 278, 280, 281, 283, 285, 287, 291, 293, 294, 295, 297, 301, 311, 312, 313, 314, 317, 318, 319, 321, 322, 323, 324, 325, 326, 328, 332], "excluded_lines": [], "functions": {"TrackState.last_centroid": {"executed_lines": [66, 67, 68, 69], "summary": {"covered_lines": 4, "num_statements": 4, "percent_covered": 100.0, "percent_covered_display": "100", "missing_lines": 0, "excluded_lines": 0}, "missing_lines": [], "excluded_lines": []}, "TrackState.first_centroid": {"executed_lines": [73, 74, 75, 76], "summary": {"covered_lines": 4, "num_statements": 4, "percent_covered": 100.0, "percent_covered_display": "100", "missing_lines": 0, "excluded_lines": 0}, "missing_lines": [], "excluded_lines": []}, "TrackState.aspect_ratio_history": {"executed_lines": [81, 82, 83, 84, 85, 86, 87], "summary": {"covered_lines": 7, "num_statements": 7, "percent_covered": 100.0, "percent_covered_display": "100", "missing_lines": 0, "excluded_lines": 0}, "missing_lines": [], "excluded_lines": []}, "make_visitor_id": {"executed_lines": [108, 109, 110], "summary": {"covered_lines": 3, "num_statements": 3, "percent_covered": 100.0, "percent_covered_display": "100", "missing_lines": 0, "excluded_lines": 0}, "missing_lines": [], "excluded_lines": []}, "classify_direction": {"executed_lines": [130, 131, 133, 134, 135, 136, 137, 140, 141, 143, 144, 145], "summary": {"covered_lines": 12, "num_statements": 12, "percent_covered": 100.0, "percent_covered_display": "100", "missing_lines": 0, "excluded_lines": 0}, "missing_lines": [], "excluded_lines": []}, "is_reentry": {"executed_lines": [165, 166, 167, 168, 170, 171, 172, 173, 174], "summary": {"covered_lines": 9, "num_statements": 10, "percent_covered": 90.0, "percent_covered_display": "90", "missing_lines": 1, "excluded_lines": 0}, "missing_lines": [169], "excluded_lines": []}, "PersonTracker.__init__": {"executed_lines": [], "summary": {"covered_lines": 0, "num_statements": 10, "percent_covered": 0.0, "percent_covered_display": "0", "missing_lines": 10, "excluded_lines": 0}, "missing_lines": [198, 199, 200, 201, 202, 205, 208, 210, 212, 214], "excluded_lines": []}, "PersonTracker.update": {"executed_lines": [], "summary": {"covered_lines": 0, "num_statements": 50, "percent_covered": 0.0, "percent_covered_display": "0", "missing_lines": 50, "excluded_lines": 0}, "missing_lines": [234, 235, 237, 238, 241, 251, 253, 254, 255, 257, 258, 260, 261, 262, 265, 266, 267, 268, 270, 271, 272, 273, 276, 277, 278, 280, 281, 283, 285, 287, 291, 293, 294, 295, 297, 301, 311, 312, 313, 314, 317, 318, 319, 321, 322, 323, 324, 325, 326, 328], "excluded_lines": []}, "PersonTracker.get_all_tracks": {"executed_lines": [], "summary": {"covered_lines": 0, "num_statements": 1, "percent_covered": 0.0, "percent_covered_display": "0", "missing_lines": 1, "excluded_lines": 0}, "missing_lines": [332], "excluded_lines": []}, "": {"executed_lines": [1, 15, 16, 17, 18, 19, 20, 21, 22, 24, 32, 37, 40, 42, 47, 48, 49, 50, 51, 52, 53, 54, 55, 56, 57, 58, 59, 60, 61, 62, 64, 65, 71, 72, 78, 79, 90, 91, 92, 93, 94, 95, 96, 101, 115, 150, 179, 180, 190, 216, 330], "summary": {"covered_lines": 47, "num_statements": 47, "percent_covered": 100.0, "percent_covered_display": "100", "missing_lines": 0, "excluded_lines": 0}, "missing_lines": [], "excluded_lines": []}}, "classes": {"TrackState": {"executed_lines": [66, 67, 68, 69, 73, 74, 75, 76, 81, 82, 83, 84, 85, 86, 87], "summary": {"covered_lines": 15, "num_statements": 15, "percent_covered": 100.0, "percent_covered_display": "100", "missing_lines": 0, "excluded_lines": 0}, "missing_lines": [], "excluded_lines": []}, "DirectionResult": {"executed_lines": [], "summary": {"covered_lines": 0, "num_statements": 0, "percent_covered": 100.0, "percent_covered_display": "100", "missing_lines": 0, "excluded_lines": 0}, "missing_lines": [], "excluded_lines": []}, "PersonTracker": {"executed_lines": [], "summary": {"covered_lines": 0, "num_statements": 61, "percent_covered": 0.0, "percent_covered_display": "0", "missing_lines": 61, "excluded_lines": 0}, "missing_lines": [198, 199, 200, 201, 202, 205, 208, 210, 212, 214, 234, 235, 237, 238, 241, 251, 253, 254, 255, 257, 258, 260, 261, 262, 265, 266, 267, 268, 270, 271, 272, 273, 276, 277, 278, 280, 281, 283, 285, 287, 291, 293, 294, 295, 297, 301, 311, 312, 313, 314, 317, 318, 319, 321, 322, 323, 324, 325, 326, 328, 332], "excluded_lines": []}, "": {"executed_lines": [1, 15, 16, 17, 18, 19, 20, 21, 22, 24, 32, 37, 40, 42, 47, 48, 49, 50, 51, 52, 53, 54, 55, 56, 57, 58, 59, 60, 61, 62, 64, 65, 71, 72, 78, 79, 90, 91, 92, 93, 94, 95, 96, 101, 108, 109, 110, 115, 130, 131, 133, 134, 135, 136, 137, 140, 141, 143, 144, 145, 150, 165, 166, 167, 168, 170, 171, 172, 173, 174, 179, 180, 190, 216, 330], "summary": {"covered_lines": 71, "num_statements": 72, "percent_covered": 98.61111111111111, "percent_covered_display": "99", "missing_lines": 1, "excluded_lines": 0}, "missing_lines": [169], "excluded_lines": []}}}}, "totals": {"covered_lines": 725, "num_statements": 894, "percent_covered": 81.09619686800895, "percent_covered_display": "81", "missing_lines": 169, "excluded_lines": 0}}